<?xml version="1.0" encoding="UTF-8"?>
<!-- Generated by org.testng.reporters.JUnitXMLReporter -->
<testsuite hostname="LAPTOP-TGO2J5N0" name="Default test" tests="9" failures="0" timestamp="11 Aug 2019 11:43:48 GMT" time="2.495" errors="0">
  <testcase name="DeleteEntityIdExists" time="1.806" classname="api.PLCM.Scripts.APIEntityInfoDELETETests"/>
  <testcase name="DeleteEntityIdExistsAdminRole" time="0.077" classname="api.PLCM.Scripts.APIEntityInfoDELETETests"/>
  <testcase name="DeleteEntityIdExistsAlphaNumeric" time="0.098" classname="api.PLCM.Scripts.APIEntityInfoDELETETests"/>
  <testcase name="DeleteEntityIdExistsStandardRole" time="0.08" classname="api.PLCM.Scripts.APIEntityInfoDELETETests"/>
  <testcase name="DeleteEntityV1andnotV2" time="0.086" classname="api.PLCM.Scripts.APIEntityInfoDELETETests"/>
  <testcase name="DeleteWhenInvalidAPIToken" time="0.143" classname="api.PLCM.Scripts.APIEntityInfoDELETETests"/>
  <testcase name="DeleteWhenInvalidURL" time="0.066" classname="api.PLCM.Scripts.APIEntityInfoDELETETests"/>
  <testcase name="DeleteWhenMissingAPIToken" time="0.05" classname="api.PLCM.Scripts.APIEntityInfoDELETETests"/>
  <testcase name="DeleteWhenNoEntityExists" time="0.055" classname="api.PLCM.Scripts.APIEntityInfoDELETETests"/>
</testsuite> <!-- Default test -->
