<?xml version="1.0" encoding="UTF-8"?>
<testng-results skipped="0" failed="0" total="1" passed="1">
  <reporter-output>
  </reporter-output>
  <suite name="Default suite" duration-ms="3951" started-at="2019-09-01T10:24:45Z" finished-at="2019-09-01T10:24:49Z">
    <groups>
    </groups>
    <test name="Default test" duration-ms="3951" started-at="2019-09-01T10:24:45Z" finished-at="2019-09-01T10:24:49Z">
      <class name="api.UpdatePolicyRules.UpdatePolicyRules">
        <test-method status="PASS" signature="UpdatePolicyRulesMissingAPIToken()[pri:0, instance:api.UpdatePolicyRules.UpdatePolicyRules@2eee9593]" name="UpdatePolicyRulesMissingAPIToken" duration-ms="3924" started-at="2019-09-01T15:54:45Z" finished-at="2019-09-01T15:54:49Z">
          <reporter-output>
          </reporter-output>
        </test-method> <!-- UpdatePolicyRulesMissingAPIToken -->
      </class> <!-- api.UpdatePolicyRules.UpdatePolicyRules -->
    </test> <!-- Default test -->
  </suite> <!-- Default suite -->
</testng-results>
